{
  "uid" : "677eb9d758309817",
  "name" : "test_5_wizclick_pair_lamps_only_wifi",
  "fullName" : "Test_Suites.Tests.test_function_with_app.test_pair_lamps_only_wifi#test_5_wizclick_pair_lamps_only_wifi",
  "historyId" : "e88f6c94eca7ddd9a9a4da30b62c264c",
  "time" : {
    "start" : 1599207562461,
    "stop" : 1599207648471,
    "duration" : 86010
  },
  "description" : "pair_lamps_only_wifi.feature: 5 * WiZclick pairing only wifi",
  "descriptionHtml" : "<p>pair_lamps_only_wifi.feature: 5 * WiZclick pairing only wifi</p>\n",
  "status" : "broken",
  "statusMessage" : "selenium.common.exceptions.NoSuchElementException: Message: An element could not be located on the page using the given search parameters.",
  "statusTrace" : "request = <FixtureRequest for <Function test_5_wizclick_pair_lamps_only_wifi>>\n\n    @pytest.mark.usefixtures(*function_args)\n    def scenario_wrapper(request):\n>       _execute_scenario(feature, scenario, request, encoding)\n\n..\\..\\..\\venv\\lib\\site-packages\\pytest_bdd\\scenario.py:200: \n_ _ _ _ _ _ _ _ _ _ _ _ _ _ _ _ _ _ _ _ _ _ _ _ _ _ _ _ _ _ _ _ _ _ _ _ _ _ _ _\n..\\..\\..\\venv\\lib\\site-packages\\pytest_bdd\\scenario.py:166: in _execute_scenario\n    _execute_step_function(request, scenario, step, step_func)\n..\\..\\..\\venv\\lib\\site-packages\\pytest_bdd\\scenario.py:115: in _execute_step_function\n    step_func(**kwargs)\n..\\..\\..\\venv\\lib\\site-packages\\pytest_bdd\\steps.py:163: in step_func\n    result = request.getfixturevalue(func.__name__)\n..\\..\\..\\venv\\lib\\site-packages\\_pytest\\fixtures.py:487: in getfixturevalue\n    return self._get_active_fixturedef(argname).cached_result[0]\n..\\..\\..\\venv\\lib\\site-packages\\_pytest\\fixtures.py:503: in _get_active_fixturedef\n    self._compute_fixture_value(fixturedef)\n..\\..\\..\\venv\\lib\\site-packages\\_pytest\\fixtures.py:584: in _compute_fixture_value\n    fixturedef.execute(request=subrequest)\n..\\..\\..\\venv\\lib\\site-packages\\_pytest\\fixtures.py:914: in execute\n    return hook.pytest_fixture_setup(fixturedef=self, request=request)\n..\\..\\..\\venv\\lib\\site-packages\\pluggy\\hooks.py:286: in __call__\n    return self._hookexec(self, self.get_hookimpls(), kwargs)\n..\\..\\..\\venv\\lib\\site-packages\\pluggy\\manager.py:93: in _hookexec\n    return self._inner_hookexec(hook, methods, kwargs)\n..\\..\\..\\venv\\lib\\site-packages\\pluggy\\manager.py:87: in <lambda>\n    firstresult=hook.spec.opts.get(\"firstresult\") if hook.spec else False,\n..\\..\\..\\venv\\lib\\site-packages\\_pytest\\fixtures.py:964: in pytest_fixture_setup\n    result = call_fixture_func(fixturefunc, request, kwargs)\n..\\..\\..\\venv\\lib\\site-packages\\_pytest\\fixtures.py:792: in call_fixture_func\n    res = fixturefunc(**kwargs)\n..\\..\\Steps\\pair_lamps_steps.py:195: in make_light_paired\n    target.ui.pairing_process_page.click_done()\n..\\..\\..\\DUT\\UI\\pairing_process_page.py:175: in click_done\n    self.ui_common.element_location('id', PairingProcessPage.SET_FINISH).click()\n..\\..\\..\\DUT\\UI\\ui_common.py:155: in element_location\n    return self.driver.find_element_by_id(self.appPackage + ':id/' + element)\nC:\\Users\\600008165\\AppData\\Local\\Programs\\Python\\Python37\\lib\\site-packages\\selenium\\webdriver\\remote\\webdriver.py:360: in find_element_by_id\n    return self.find_element(by=By.ID, value=id_)\nC:\\Users\\600008165\\AppData\\Local\\Programs\\Python\\Python37\\lib\\site-packages\\appium\\webdriver\\webdriver.py:284: in find_element\n    'value': value})['value']\nC:\\Users\\600008165\\AppData\\Local\\Programs\\Python\\Python37\\lib\\site-packages\\selenium\\webdriver\\remote\\webdriver.py:321: in execute\n    self.error_handler.check_response(response)\nC:\\Users\\600008165\\AppData\\Local\\Programs\\Python\\Python37\\lib\\site-packages\\appium\\webdriver\\errorhandler.py:29: in check_response\n    raise wde\nC:\\Users\\600008165\\AppData\\Local\\Programs\\Python\\Python37\\lib\\site-packages\\appium\\webdriver\\errorhandler.py:24: in check_response\n    super(MobileErrorHandler, self).check_response(response)\n_ _ _ _ _ _ _ _ _ _ _ _ _ _ _ _ _ _ _ _ _ _ _ _ _ _ _ _ _ _ _ _ _ _ _ _ _ _ _ _\n\nself = <appium.webdriver.errorhandler.MobileErrorHandler object at 0x0000016CB3190E48>\nresponse = {'status': 404, 'value': '{\"value\":{\"error\":\"no such element\",\"message\":\"An element could not be located on the page u...ing\\\\\\\\npm\\\\\\\\node_modules\\\\\\\\appium\\\\\\\\node_modules\\\\\\\\appium-android-driver\\\\\\\\lib\\\\\\\\commands\\\\\\\\find.js:75:11)\"}}'}\n\n    def check_response(self, response):\n        \"\"\"\n        Checks that a JSON response from the WebDriver does not have an error.\n    \n        :Args:\n         - response - The JSON response from the WebDriver server as a dictionary\n           object.\n    \n        :Raises: If the response contains an error message.\n        \"\"\"\n        status = response.get('status', None)\n        if status is None or status == ErrorCode.SUCCESS:\n            return\n        value = None\n        message = response.get(\"message\", \"\")\n        screen = response.get(\"screen\", \"\")\n        stacktrace = None\n        if isinstance(status, int):\n            value_json = response.get('value', None)\n            if value_json and isinstance(value_json, basestring):\n                import json\n                try:\n                    value = json.loads(value_json)\n                    if len(value.keys()) == 1:\n                        value = value['value']\n                    status = value.get('error', None)\n                    if status is None:\n                        status = value[\"status\"]\n                        message = value[\"value\"]\n                        if not isinstance(message, basestring):\n                            value = message\n                            message = message.get('message')\n                    else:\n                        message = value.get('message', None)\n                except ValueError:\n                    pass\n    \n        exception_class = ErrorInResponseException\n        if status in ErrorCode.NO_SUCH_ELEMENT:\n            exception_class = NoSuchElementException\n        elif status in ErrorCode.NO_SUCH_FRAME:\n            exception_class = NoSuchFrameException\n        elif status in ErrorCode.NO_SUCH_WINDOW:\n            exception_class = NoSuchWindowException\n        elif status in ErrorCode.STALE_ELEMENT_REFERENCE:\n            exception_class = StaleElementReferenceException\n        elif status in ErrorCode.ELEMENT_NOT_VISIBLE:\n            exception_class = ElementNotVisibleException\n        elif status in ErrorCode.INVALID_ELEMENT_STATE:\n            exception_class = InvalidElementStateException\n        elif status in ErrorCode.INVALID_SELECTOR \\\n                or status in ErrorCode.INVALID_XPATH_SELECTOR \\\n                or status in ErrorCode.INVALID_XPATH_SELECTOR_RETURN_TYPER:\n            exception_class = InvalidSelectorException\n        elif status in ErrorCode.ELEMENT_IS_NOT_SELECTABLE:\n            exception_class = ElementNotSelectableException\n        elif status in ErrorCode.ELEMENT_NOT_INTERACTABLE:\n            exception_class = ElementNotInteractableException\n        elif status in ErrorCode.INVALID_COOKIE_DOMAIN:\n            exception_class = InvalidCookieDomainException\n        elif status in ErrorCode.UNABLE_TO_SET_COOKIE:\n            exception_class = UnableToSetCookieException\n        elif status in ErrorCode.TIMEOUT:\n            exception_class = TimeoutException\n        elif status in ErrorCode.SCRIPT_TIMEOUT:\n            exception_class = TimeoutException\n        elif status in ErrorCode.UNKNOWN_ERROR:\n            exception_class = WebDriverException\n        elif status in ErrorCode.UNEXPECTED_ALERT_OPEN:\n            exception_class = UnexpectedAlertPresentException\n        elif status in ErrorCode.NO_ALERT_OPEN:\n            exception_class = NoAlertPresentException\n        elif status in ErrorCode.IME_NOT_AVAILABLE:\n            exception_class = ImeNotAvailableException\n        elif status in ErrorCode.IME_ENGINE_ACTIVATION_FAILED:\n            exception_class = ImeActivationFailedException\n        elif status in ErrorCode.MOVE_TARGET_OUT_OF_BOUNDS:\n            exception_class = MoveTargetOutOfBoundsException\n        elif status in ErrorCode.JAVASCRIPT_ERROR:\n            exception_class = JavascriptException\n        elif status in ErrorCode.SESSION_NOT_CREATED:\n            exception_class = SessionNotCreatedException\n        elif status in ErrorCode.INVALID_ARGUMENT:\n            exception_class = InvalidArgumentException\n        elif status in ErrorCode.NO_SUCH_COOKIE:\n            exception_class = NoSuchCookieException\n        elif status in ErrorCode.UNABLE_TO_CAPTURE_SCREEN:\n            exception_class = ScreenshotException\n        elif status in ErrorCode.ELEMENT_CLICK_INTERCEPTED:\n            exception_class = ElementClickInterceptedException\n        elif status in ErrorCode.INSECURE_CERTIFICATE:\n            exception_class = InsecureCertificateException\n        elif status in ErrorCode.INVALID_COORDINATES:\n            exception_class = InvalidCoordinatesException\n        elif status in ErrorCode.INVALID_SESSION_ID:\n            exception_class = InvalidSessionIdException\n        elif status in ErrorCode.UNKNOWN_METHOD:\n            exception_class = UnknownMethodException\n        else:\n            exception_class = WebDriverException\n        if value == '' or value is None:\n            value = response['value']\n        if isinstance(value, basestring):\n            if exception_class == ErrorInResponseException:\n                raise exception_class(response, value)\n            raise exception_class(value)\n        if message == \"\" and 'message' in value:\n            message = value['message']\n    \n        screen = None\n        if 'screen' in value:\n            screen = value['screen']\n    \n        stacktrace = None\n        if 'stackTrace' in value and value['stackTrace']:\n            stacktrace = []\n            try:\n                for frame in value['stackTrace']:\n                    line = self._value_or_default(frame, 'lineNumber', '')\n                    file = self._value_or_default(frame, 'fileName', '<anonymous>')\n                    if line:\n                        file = \"%s:%s\" % (file, line)\n                    meth = self._value_or_default(frame, 'methodName', '<anonymous>')\n                    if 'className' in frame:\n                        meth = \"%s.%s\" % (frame['className'], meth)\n                    msg = \"    at %s (%s)\"\n                    msg = msg % (meth, file)\n                    stacktrace.append(msg)\n            except TypeError:\n                pass\n        if exception_class == ErrorInResponseException:\n            raise exception_class(response, message)\n        elif exception_class == UnexpectedAlertPresentException:\n            alert_text = None\n            if 'data' in value:\n                alert_text = value['data'].get('text')\n            elif 'alert' in value:\n                alert_text = value['alert'].get('text')\n            raise exception_class(message, screen, stacktrace, alert_text)\n>       raise exception_class(message, screen, stacktrace)\nE       selenium.common.exceptions.NoSuchElementException: Message: An element could not be located on the page using the given search parameters.\n\nC:\\Users\\600008165\\AppData\\Local\\Programs\\Python\\Python37\\lib\\site-packages\\selenium\\webdriver\\remote\\errorhandler.py:242: NoSuchElementException",
  "flaky" : false,
  "newFailed" : false,
  "beforeStages" : [ ],
  "testStage" : {
    "description" : "pair_lamps_only_wifi.feature: 5 * WiZclick pairing only wifi",
    "status" : "broken",
    "statusMessage" : "selenium.common.exceptions.NoSuchElementException: Message: An element could not be located on the page using the given search parameters.",
    "statusTrace" : "request = <FixtureRequest for <Function test_5_wizclick_pair_lamps_only_wifi>>\n\n    @pytest.mark.usefixtures(*function_args)\n    def scenario_wrapper(request):\n>       _execute_scenario(feature, scenario, request, encoding)\n\n..\\..\\..\\venv\\lib\\site-packages\\pytest_bdd\\scenario.py:200: \n_ _ _ _ _ _ _ _ _ _ _ _ _ _ _ _ _ _ _ _ _ _ _ _ _ _ _ _ _ _ _ _ _ _ _ _ _ _ _ _\n..\\..\\..\\venv\\lib\\site-packages\\pytest_bdd\\scenario.py:166: in _execute_scenario\n    _execute_step_function(request, scenario, step, step_func)\n..\\..\\..\\venv\\lib\\site-packages\\pytest_bdd\\scenario.py:115: in _execute_step_function\n    step_func(**kwargs)\n..\\..\\..\\venv\\lib\\site-packages\\pytest_bdd\\steps.py:163: in step_func\n    result = request.getfixturevalue(func.__name__)\n..\\..\\..\\venv\\lib\\site-packages\\_pytest\\fixtures.py:487: in getfixturevalue\n    return self._get_active_fixturedef(argname).cached_result[0]\n..\\..\\..\\venv\\lib\\site-packages\\_pytest\\fixtures.py:503: in _get_active_fixturedef\n    self._compute_fixture_value(fixturedef)\n..\\..\\..\\venv\\lib\\site-packages\\_pytest\\fixtures.py:584: in _compute_fixture_value\n    fixturedef.execute(request=subrequest)\n..\\..\\..\\venv\\lib\\site-packages\\_pytest\\fixtures.py:914: in execute\n    return hook.pytest_fixture_setup(fixturedef=self, request=request)\n..\\..\\..\\venv\\lib\\site-packages\\pluggy\\hooks.py:286: in __call__\n    return self._hookexec(self, self.get_hookimpls(), kwargs)\n..\\..\\..\\venv\\lib\\site-packages\\pluggy\\manager.py:93: in _hookexec\n    return self._inner_hookexec(hook, methods, kwargs)\n..\\..\\..\\venv\\lib\\site-packages\\pluggy\\manager.py:87: in <lambda>\n    firstresult=hook.spec.opts.get(\"firstresult\") if hook.spec else False,\n..\\..\\..\\venv\\lib\\site-packages\\_pytest\\fixtures.py:964: in pytest_fixture_setup\n    result = call_fixture_func(fixturefunc, request, kwargs)\n..\\..\\..\\venv\\lib\\site-packages\\_pytest\\fixtures.py:792: in call_fixture_func\n    res = fixturefunc(**kwargs)\n..\\..\\Steps\\pair_lamps_steps.py:195: in make_light_paired\n    target.ui.pairing_process_page.click_done()\n..\\..\\..\\DUT\\UI\\pairing_process_page.py:175: in click_done\n    self.ui_common.element_location('id', PairingProcessPage.SET_FINISH).click()\n..\\..\\..\\DUT\\UI\\ui_common.py:155: in element_location\n    return self.driver.find_element_by_id(self.appPackage + ':id/' + element)\nC:\\Users\\600008165\\AppData\\Local\\Programs\\Python\\Python37\\lib\\site-packages\\selenium\\webdriver\\remote\\webdriver.py:360: in find_element_by_id\n    return self.find_element(by=By.ID, value=id_)\nC:\\Users\\600008165\\AppData\\Local\\Programs\\Python\\Python37\\lib\\site-packages\\appium\\webdriver\\webdriver.py:284: in find_element\n    'value': value})['value']\nC:\\Users\\600008165\\AppData\\Local\\Programs\\Python\\Python37\\lib\\site-packages\\selenium\\webdriver\\remote\\webdriver.py:321: in execute\n    self.error_handler.check_response(response)\nC:\\Users\\600008165\\AppData\\Local\\Programs\\Python\\Python37\\lib\\site-packages\\appium\\webdriver\\errorhandler.py:29: in check_response\n    raise wde\nC:\\Users\\600008165\\AppData\\Local\\Programs\\Python\\Python37\\lib\\site-packages\\appium\\webdriver\\errorhandler.py:24: in check_response\n    super(MobileErrorHandler, self).check_response(response)\n_ _ _ _ _ _ _ _ _ _ _ _ _ _ _ _ _ _ _ _ _ _ _ _ _ _ _ _ _ _ _ _ _ _ _ _ _ _ _ _\n\nself = <appium.webdriver.errorhandler.MobileErrorHandler object at 0x0000016CB3190E48>\nresponse = {'status': 404, 'value': '{\"value\":{\"error\":\"no such element\",\"message\":\"An element could not be located on the page u...ing\\\\\\\\npm\\\\\\\\node_modules\\\\\\\\appium\\\\\\\\node_modules\\\\\\\\appium-android-driver\\\\\\\\lib\\\\\\\\commands\\\\\\\\find.js:75:11)\"}}'}\n\n    def check_response(self, response):\n        \"\"\"\n        Checks that a JSON response from the WebDriver does not have an error.\n    \n        :Args:\n         - response - The JSON response from the WebDriver server as a dictionary\n           object.\n    \n        :Raises: If the response contains an error message.\n        \"\"\"\n        status = response.get('status', None)\n        if status is None or status == ErrorCode.SUCCESS:\n            return\n        value = None\n        message = response.get(\"message\", \"\")\n        screen = response.get(\"screen\", \"\")\n        stacktrace = None\n        if isinstance(status, int):\n            value_json = response.get('value', None)\n            if value_json and isinstance(value_json, basestring):\n                import json\n                try:\n                    value = json.loads(value_json)\n                    if len(value.keys()) == 1:\n                        value = value['value']\n                    status = value.get('error', None)\n                    if status is None:\n                        status = value[\"status\"]\n                        message = value[\"value\"]\n                        if not isinstance(message, basestring):\n                            value = message\n                            message = message.get('message')\n                    else:\n                        message = value.get('message', None)\n                except ValueError:\n                    pass\n    \n        exception_class = ErrorInResponseException\n        if status in ErrorCode.NO_SUCH_ELEMENT:\n            exception_class = NoSuchElementException\n        elif status in ErrorCode.NO_SUCH_FRAME:\n            exception_class = NoSuchFrameException\n        elif status in ErrorCode.NO_SUCH_WINDOW:\n            exception_class = NoSuchWindowException\n        elif status in ErrorCode.STALE_ELEMENT_REFERENCE:\n            exception_class = StaleElementReferenceException\n        elif status in ErrorCode.ELEMENT_NOT_VISIBLE:\n            exception_class = ElementNotVisibleException\n        elif status in ErrorCode.INVALID_ELEMENT_STATE:\n            exception_class = InvalidElementStateException\n        elif status in ErrorCode.INVALID_SELECTOR \\\n                or status in ErrorCode.INVALID_XPATH_SELECTOR \\\n                or status in ErrorCode.INVALID_XPATH_SELECTOR_RETURN_TYPER:\n            exception_class = InvalidSelectorException\n        elif status in ErrorCode.ELEMENT_IS_NOT_SELECTABLE:\n            exception_class = ElementNotSelectableException\n        elif status in ErrorCode.ELEMENT_NOT_INTERACTABLE:\n            exception_class = ElementNotInteractableException\n        elif status in ErrorCode.INVALID_COOKIE_DOMAIN:\n            exception_class = InvalidCookieDomainException\n        elif status in ErrorCode.UNABLE_TO_SET_COOKIE:\n            exception_class = UnableToSetCookieException\n        elif status in ErrorCode.TIMEOUT:\n            exception_class = TimeoutException\n        elif status in ErrorCode.SCRIPT_TIMEOUT:\n            exception_class = TimeoutException\n        elif status in ErrorCode.UNKNOWN_ERROR:\n            exception_class = WebDriverException\n        elif status in ErrorCode.UNEXPECTED_ALERT_OPEN:\n            exception_class = UnexpectedAlertPresentException\n        elif status in ErrorCode.NO_ALERT_OPEN:\n            exception_class = NoAlertPresentException\n        elif status in ErrorCode.IME_NOT_AVAILABLE:\n            exception_class = ImeNotAvailableException\n        elif status in ErrorCode.IME_ENGINE_ACTIVATION_FAILED:\n            exception_class = ImeActivationFailedException\n        elif status in ErrorCode.MOVE_TARGET_OUT_OF_BOUNDS:\n            exception_class = MoveTargetOutOfBoundsException\n        elif status in ErrorCode.JAVASCRIPT_ERROR:\n            exception_class = JavascriptException\n        elif status in ErrorCode.SESSION_NOT_CREATED:\n            exception_class = SessionNotCreatedException\n        elif status in ErrorCode.INVALID_ARGUMENT:\n            exception_class = InvalidArgumentException\n        elif status in ErrorCode.NO_SUCH_COOKIE:\n            exception_class = NoSuchCookieException\n        elif status in ErrorCode.UNABLE_TO_CAPTURE_SCREEN:\n            exception_class = ScreenshotException\n        elif status in ErrorCode.ELEMENT_CLICK_INTERCEPTED:\n            exception_class = ElementClickInterceptedException\n        elif status in ErrorCode.INSECURE_CERTIFICATE:\n            exception_class = InsecureCertificateException\n        elif status in ErrorCode.INVALID_COORDINATES:\n            exception_class = InvalidCoordinatesException\n        elif status in ErrorCode.INVALID_SESSION_ID:\n            exception_class = InvalidSessionIdException\n        elif status in ErrorCode.UNKNOWN_METHOD:\n            exception_class = UnknownMethodException\n        else:\n            exception_class = WebDriverException\n        if value == '' or value is None:\n            value = response['value']\n        if isinstance(value, basestring):\n            if exception_class == ErrorInResponseException:\n                raise exception_class(response, value)\n            raise exception_class(value)\n        if message == \"\" and 'message' in value:\n            message = value['message']\n    \n        screen = None\n        if 'screen' in value:\n            screen = value['screen']\n    \n        stacktrace = None\n        if 'stackTrace' in value and value['stackTrace']:\n            stacktrace = []\n            try:\n                for frame in value['stackTrace']:\n                    line = self._value_or_default(frame, 'lineNumber', '')\n                    file = self._value_or_default(frame, 'fileName', '<anonymous>')\n                    if line:\n                        file = \"%s:%s\" % (file, line)\n                    meth = self._value_or_default(frame, 'methodName', '<anonymous>')\n                    if 'className' in frame:\n                        meth = \"%s.%s\" % (frame['className'], meth)\n                    msg = \"    at %s (%s)\"\n                    msg = msg % (meth, file)\n                    stacktrace.append(msg)\n            except TypeError:\n                pass\n        if exception_class == ErrorInResponseException:\n            raise exception_class(response, message)\n        elif exception_class == UnexpectedAlertPresentException:\n            alert_text = None\n            if 'data' in value:\n                alert_text = value['data'].get('text')\n            elif 'alert' in value:\n                alert_text = value['alert'].get('text')\n            raise exception_class(message, screen, stacktrace, alert_text)\n>       raise exception_class(message, screen, stacktrace)\nE       selenium.common.exceptions.NoSuchElementException: Message: An element could not be located on the page using the given search parameters.\n\nC:\\Users\\600008165\\AppData\\Local\\Programs\\Python\\Python37\\lib\\site-packages\\selenium\\webdriver\\remote\\errorhandler.py:242: NoSuchElementException",
    "steps" : [ ],
    "attachments" : [ {
      "uid" : "7b9dc41ff0bfed93",
      "name" : "log",
      "source" : "7b9dc41ff0bfed93.txt",
      "type" : "text/plain",
      "size" : 4739
    } ],
    "parameters" : [ ],
    "attachmentsCount" : 1,
    "shouldDisplayMessage" : true,
    "stepsCount" : 0,
    "hasContent" : true
  },
  "afterStages" : [ ],
  "labels" : [ {
    "name" : "feature",
    "value" : "Pair lights only wifi"
  }, {
    "name" : "story",
    "value" : "5 * WiZclick pairing only wifi"
  }, {
    "name" : "tag",
    "value" : "usefixtures"
  }, {
    "name" : "parentSuite",
    "value" : "Test_Suites.Tests.test_function_with_app"
  }, {
    "name" : "suite",
    "value" : "test_pair_lamps_only_wifi"
  }, {
    "name" : "host",
    "value" : "DESKTOP-UME284Q"
  }, {
    "name" : "thread",
    "value" : "1576496-MainThread"
  }, {
    "name" : "framework",
    "value" : "pytest"
  }, {
    "name" : "language",
    "value" : "cpython3"
  }, {
    "name" : "package",
    "value" : "Test_Suites.Tests.test_function_with_app.test_pair_lamps_only_wifi"
  }, {
    "name" : "resultFormat",
    "value" : "allure2"
  } ],
  "parameters" : [ ],
  "links" : [ ],
  "hidden" : true,
  "retry" : true,
  "extra" : {
    "categories" : [ ],
    "tags" : [ "usefixtures" ]
  },
  "source" : "677eb9d758309817.json",
  "parameterValues" : [ ]
}